<?xml version="1.0" encoding="UTF-8"?>
<testsuite xmlns:xsi="http://www.w3.org/2001/XMLSchema-instance" xsi:noNamespaceSchemaLocation="https://maven.apache.org/surefire/maven-surefire-plugin/xsd/surefire-test-report-3.0.xsd" version="3.0" name="esiea.api.VoitureAPITest" time="0.691" tests="6" errors="0" skipped="0" failures="0">
  <properties>
[...]
</properties>
  <testcase name="testVoitureFromJson" classname="esiea.api.VoitureAPITest" time="0.49"/>
  <testcase name="testGetVoituresJsonSearch" classname="esiea.api.VoitureAPITest" time="0.003"/>
  <testcase name="testGetVoituresJsonSingleVoiture" classname="esiea.api.VoitureAPITest" time="0.001"/>
  <testcase name="testSupprimerVoiture" classname="esiea.api.VoitureAPITest" time="0.012"/>
  <testcase name="testGetVoituresJsonAll" classname="esiea.api.VoitureAPITest" time="0.157"/>
  <testcase name="testAjouterVoiture" classname="esiea.api.VoitureAPITest" time="0.003"/>
</testsuite>